Using pre-set license
Built from '2020.2/release' branch; Version is '2020.2.1f1 (270dd8c3da1c) revision 2559448'; Using compiler version '192528614'; Build Type 'Release'
OS: 'Windows 10  (10.0.0) 64bit' Language: 'tr' Physical Memory: 8136 MB
BatchMode: 1, IsHumanControllingUs: 0, StartBugReporterOnCrash: 0, Is64bit: 1, IsPro: 0

 COMMAND LINE ARGUMENTS:
C:\Program Files\Unity\Hub\Editor\2020.2.1f1\Editor\Unity.exe
-adb2
-batchMode
-noUpm
-name
AssetImportWorker0
-projectPath
C:/Users/turka/Documents/GitHub/ProjectTieFighters
-logFile
Logs/AssetImportWorker0.log
-srvPort
49192
Successfully changed project path to: C:/Users/turka/Documents/GitHub/ProjectTieFighters
C:/Users/turka/Documents/GitHub/ProjectTieFighters
Using Asset Import Pipeline V2.
Refreshing native plugins compatible for Editor in 42.50 ms, found 1 plugins.
Preloading 0 native plugins for Editor in 0.00 ms.
Initialize engine version: 2020.2.1f1 (270dd8c3da1c)
[Subsystems] Discovering subsystems at path C:/Program Files/Unity/Hub/Editor/2020.2.1f1/Editor/Data/Resources/UnitySubsystems
[Subsystems] Discovering subsystems at path C:/Users/turka/Documents/GitHub/ProjectTieFighters/Assets
GfxDevice: creating device client; threaded=0
Direct3D:
    Version:  Direct3D 11.0 [level 11.0]
    Renderer: NVIDIA GeForce GT 630 (ID=0x1284)
    Vendor:   
    VRAM:     2007 MB
    Driver:   26.21.14.3200
Initialize mono
Mono path[0] = 'C:/Program Files/Unity/Hub/Editor/2020.2.1f1/Editor/Data/Managed'
Mono path[1] = 'C:/Program Files/Unity/Hub/Editor/2020.2.1f1/Editor/Data/MonoBleedingEdge/lib/mono/unityjit'
Mono config path = 'C:/Program Files/Unity/Hub/Editor/2020.2.1f1/Editor/Data/MonoBleedingEdge/etc'
Using monoOptions --debugger-agent=transport=dt_socket,embedding=1,server=y,suspend=n,address=127.0.0.1:56968
Begin MonoManager ReloadAssembly
Registering precompiled unity dll's ...
Register platform support module: C:/Program Files/Unity/Hub/Editor/2020.2.1f1/Editor/Data/PlaybackEngines/WebGLSupport/UnityEditor.WebGL.Extensions.dll
Register platform support module: C:/Program Files/Unity/Hub/Editor/2020.2.1f1/Editor/Data/PlaybackEngines/MacStandaloneSupport/UnityEditor.OSXStandalone.Extensions.dll
Register platform support module: C:/Program Files/Unity/Hub/Editor/2020.2.1f1/Editor/Data/PlaybackEngines/WindowsStandaloneSupport/UnityEditor.WindowsStandalone.Extensions.dll
Register platform support module: C:/Program Files/Unity/Hub/Editor/2020.2.1f1/Editor/Data/PlaybackEngines/LinuxStandaloneSupport/UnityEditor.LinuxStandalone.Extensions.dll
Registered in 0.003383 seconds.
Native extension for LinuxStandalone target not found
Native extension for WindowsStandalone target not found
Native extension for OSXStandalone target not found
Native extension for WebGL target not found
Refreshing native plugins compatible for Editor in 41.49 ms, found 1 plugins.
Preloading 0 native plugins for Editor in 0.00 ms.
Invoked RoslynAnalysisRunner static constructor.
RoslynAnalysisRunner will not be running.
RoslynAnalysisRunner has terminated.
Mono: successfully reloaded assembly
- Completed reload, in  2.356 seconds
Platform modules already initialized, skipping
Registering precompiled user dll's ...
Registered in 0.001200 seconds.
Begin MonoManager ReloadAssembly
Native extension for LinuxStandalone target not found
Native extension for WindowsStandalone target not found
Native extension for OSXStandalone target not found
Native extension for WebGL target not found
Refreshing native plugins compatible for Editor in 42.86 ms, found 1 plugins.
Preloading 0 native plugins for Editor in 0.00 ms.
Invoked RoslynAnalysisRunner static constructor.
RoslynAnalysisRunner will not be running.
RoslynAnalysisRunner has terminated.
Mono: successfully reloaded assembly
- Completed reload, in  1.077 seconds
Platform modules already initialized, skipping
========================================================================
Worker process is ready to serve import requests
Launched and connected shader compiler UnityShaderCompiler.exe after 0.03 seconds
Refreshing native plugins compatible for Editor in 0.69 ms, found 1 plugins.
Preloading 0 native plugins for Editor in 0.00 ms.
Unloading 1787 Unused Serialized files (Serialized files now loaded: 0)
System memory in use before: 102.6 MB.
System memory in use after: 102.6 MB.

Unloading 23 unused Assets to reduce memory usage. Loaded Objects now: 2250.
Total: 2.563300 ms (FindLiveObjects: 0.222500 ms CreateObjectMapping: 0.112600 ms MarkObjects: 2.121200 ms  DeleteObjects: 0.105400 ms)

========================================================================
Received Import Request.
  path: Assets/Spaceships
  artifactKey: Guid(067bb22d5a6a1483ca4ba70593b3052d) Importer(815301076,1909f56bfc062723c751e8b465ee728b)
Start importing Assets/Spaceships using Guid(067bb22d5a6a1483ca4ba70593b3052d) Importer(815301076,1909f56bfc062723c751e8b465ee728b)  -> (artifact id: '24e2151b5b760ce87c725899feffe29a') in 0.010213 seconds
  Import took 0.014323 seconds .

========================================================================
Received Import Request.
  Time since last request: 0.000421 seconds.
  path: Assets/Spaceships/animations
  artifactKey: Guid(1ef61e1ff3ad09045ac8cb5bb2c3fe59) Importer(815301076,1909f56bfc062723c751e8b465ee728b)
Start importing Assets/Spaceships/animations using Guid(1ef61e1ff3ad09045ac8cb5bb2c3fe59) Importer(815301076,1909f56bfc062723c751e8b465ee728b)  -> (artifact id: '8b30f150bd45e7445bfc53da0965e405') in 0.009023 seconds
  Import took 0.013568 seconds .

========================================================================
Received Import Request.
  Time since last request: 3.101709 seconds.
  path: Assets/Spaceships/prefabs
  artifactKey: Guid(883db9dfea2f6444f86576a21667edcf) Importer(815301076,1909f56bfc062723c751e8b465ee728b)
Start importing Assets/Spaceships/prefabs using Guid(883db9dfea2f6444f86576a21667edcf) Importer(815301076,1909f56bfc062723c751e8b465ee728b)  -> (artifact id: 'cf709cca888d4423c0e7b5d13e902889') in 0.010208 seconds
  Import took 0.014347 seconds .

========================================================================
Received Import Request.
  Time since last request: 0.103831 seconds.
  path: Assets/Spaceships/prefabs/spaceship_1.prefab
  artifactKey: Guid(7a70adb45063260458b0352db99d899c) Importer(815301076,1909f56bfc062723c751e8b465ee728b)
Start importing Assets/Spaceships/prefabs/spaceship_1.prefab using Guid(7a70adb45063260458b0352db99d899c) Importer(815301076,1909f56bfc062723c751e8b465ee728b)  -> (artifact id: '4a62bf19c68cc91823e027e98eaf4801') in 0.139550 seconds
  Import took 0.144664 seconds .

========================================================================
Received Import Request.
  Time since last request: 0.000226 seconds.
  path: Assets/Spaceships/prefabs/spaceship_5.prefab
  artifactKey: Guid(b16d6b0dc82a2f64e93b38b2e642a18d) Importer(815301076,1909f56bfc062723c751e8b465ee728b)
Start importing Assets/Spaceships/prefabs/spaceship_5.prefab using Guid(b16d6b0dc82a2f64e93b38b2e642a18d) Importer(815301076,1909f56bfc062723c751e8b465ee728b)  -> (artifact id: '93e302b1755b6dedba30343c58216e91') in 0.034233 seconds
  Import took 0.037850 seconds .

========================================================================
Received Import Request.
  Time since last request: 0.000205 seconds.
  path: Assets/Spaceships/prefabs/spaceship_2.prefab
  artifactKey: Guid(e2a563409f05b26429e07cb45c0d2ea2) Importer(815301076,1909f56bfc062723c751e8b465ee728b)
Start importing Assets/Spaceships/prefabs/spaceship_2.prefab using Guid(e2a563409f05b26429e07cb45c0d2ea2) Importer(815301076,1909f56bfc062723c751e8b465ee728b)  -> (artifact id: 'f36f39c58966be2e8881bcbf53c201f4') in 0.035762 seconds
  Import took 0.039328 seconds .

========================================================================
Received Import Request.
  Time since last request: 0.000209 seconds.
  path: Assets/Spaceships/prefabs/spaceship_4.prefab
  artifactKey: Guid(6ebfe353680ffd64ebfc2d27dad79525) Importer(815301076,1909f56bfc062723c751e8b465ee728b)
Start importing Assets/Spaceships/prefabs/spaceship_4.prefab using Guid(6ebfe353680ffd64ebfc2d27dad79525) Importer(815301076,1909f56bfc062723c751e8b465ee728b)  -> (artifact id: 'f279608458bb5042362163d1b52596f2') in 0.026358 seconds
  Import took 0.030340 seconds .

========================================================================
Received Import Request.
  Time since last request: 0.000345 seconds.
  path: Assets/Spaceships/prefabs/spaceship_3.prefab
  artifactKey: Guid(e1e3a28de8604ba44a52ba4a3f16c95b) Importer(815301076,1909f56bfc062723c751e8b465ee728b)
Start importing Assets/Spaceships/prefabs/spaceship_3.prefab using Guid(e1e3a28de8604ba44a52ba4a3f16c95b) Importer(815301076,1909f56bfc062723c751e8b465ee728b)  -> (artifact id: '90254d231da4c24589b9230921a0e699') in 0.036720 seconds
  Import took 0.041595 seconds .

========================================================================
Received Import Request.
  Time since last request: 0.000205 seconds.
  path: Assets/Spaceships/prefabs/spaceship_8.prefab
  artifactKey: Guid(fbc4320931e489045b535d6135e557bc) Importer(815301076,1909f56bfc062723c751e8b465ee728b)
Start importing Assets/Spaceships/prefabs/spaceship_8.prefab using Guid(fbc4320931e489045b535d6135e557bc) Importer(815301076,1909f56bfc062723c751e8b465ee728b)  -> (artifact id: '2b70333d875fda1a40544dfa5f36768b') in 0.027930 seconds
  Import took 0.032986 seconds .

========================================================================
Received Import Request.
  Time since last request: 0.000181 seconds.
  path: Assets/Spaceships/prefabs/spaceship_7.prefab
  artifactKey: Guid(236055fb118b89949bf4698f3928dd5b) Importer(815301076,1909f56bfc062723c751e8b465ee728b)
Start importing Assets/Spaceships/prefabs/spaceship_7.prefab using Guid(236055fb118b89949bf4698f3928dd5b) Importer(815301076,1909f56bfc062723c751e8b465ee728b)  -> (artifact id: 'caec034276a1d5c34b396bafede3728a') in 0.027292 seconds
  Import took 0.031572 seconds .

========================================================================
Received Import Request.
  Time since last request: 0.000196 seconds.
  path: Assets/Spaceships/prefabs/spaceship_6.prefab
  artifactKey: Guid(d096b2e176fd8744bb6feb2dd2b160bf) Importer(815301076,1909f56bfc062723c751e8b465ee728b)
Start importing Assets/Spaceships/prefabs/spaceship_6.prefab using Guid(d096b2e176fd8744bb6feb2dd2b160bf) Importer(815301076,1909f56bfc062723c751e8b465ee728b)  -> (artifact id: '6e3c1d915d3d711c555290ade4a41e94') in 0.025020 seconds
  Import took 0.029274 seconds .

========================================================================
Received Prepare
Refreshing native plugins compatible for Editor in 2.83 ms, found 1 plugins.
Preloading 0 native plugins for Editor in 0.00 ms.
Unloading 10 Unused Serialized files (Serialized files now loaded: 0)
System memory in use before: 72.4 MB.
System memory in use after: 72.4 MB.

Unloading 10 unused Assets to reduce memory usage. Loaded Objects now: 2257.
Total: 3.083600 ms (FindLiveObjects: 0.183200 ms CreateObjectMapping: 0.075900 ms MarkObjects: 2.680100 ms  DeleteObjects: 0.142400 ms)

========================================================================
Received Prepare
Registering precompiled user dll's ...
Registered in 0.001268 seconds.
Begin MonoManager ReloadAssembly
Native extension for LinuxStandalone target not found
Native extension for WindowsStandalone target not found
Native extension for OSXStandalone target not found
Native extension for WebGL target not found
Refreshing native plugins compatible for Editor in 0.39 ms, found 1 plugins.
Preloading 0 native plugins for Editor in 0.00 ms.
Invoked RoslynAnalysisRunner static constructor.
RoslynAnalysisRunner will not be running.
RoslynAnalysisRunner has terminated.
Mono: successfully reloaded assembly
- Completed reload, in  0.951 seconds
Platform modules already initialized, skipping
Refreshing native plugins compatible for Editor in 0.56 ms, found 1 plugins.
Preloading 0 native plugins for Editor in 0.00 ms.
Unloading 1782 Unused Serialized files (Serialized files now loaded: 0)
System memory in use before: 105.9 MB.
System memory in use after: 105.9 MB.

Unloading 12 unused Assets to reduce memory usage. Loaded Objects now: 2260.
Total: 3.028600 ms (FindLiveObjects: 0.339300 ms CreateObjectMapping: 0.191900 ms MarkObjects: 2.395300 ms  DeleteObjects: 0.099600 ms)

========================================================================
Received Import Request.
  Time since last request: 125.635802 seconds.
  path: Assets/Scripts
  artifactKey: Guid(7f2fc619eab915b43bab7a0161055a98) Importer(815301076,1909f56bfc062723c751e8b465ee728b)
Start importing Assets/Scripts using Guid(7f2fc619eab915b43bab7a0161055a98) Importer(815301076,1909f56bfc062723c751e8b465ee728b)  -> (artifact id: '1fe03fb434b069903922a20b4e2bddef') in 0.013060 seconds
  Import took 0.017338 seconds .

========================================================================
Received Import Request.
  Time since last request: 12.774775 seconds.
  path: Assets/Scripts/PlayerSpaceship.cs
  artifactKey: Guid(363af52a8d514fc4d928ea99ad354d79) Importer(815301076,1909f56bfc062723c751e8b465ee728b)
Start importing Assets/Scripts/PlayerSpaceship.cs using Guid(363af52a8d514fc4d928ea99ad354d79) Importer(815301076,1909f56bfc062723c751e8b465ee728b)  -> (artifact id: '1f5d211c3d858758fd0bb64524ae04af') in 0.106223 seconds
  Import took 0.110624 seconds .

========================================================================
Received Prepare
Registering precompiled user dll's ...
Registered in 0.001588 seconds.
Begin MonoManager ReloadAssembly
Native extension for LinuxStandalone target not found
Native extension for WindowsStandalone target not found
Native extension for OSXStandalone target not found
Native extension for WebGL target not found
Refreshing native plugins compatible for Editor in 0.40 ms, found 1 plugins.
Preloading 0 native plugins for Editor in 0.00 ms.
Invoked RoslynAnalysisRunner static constructor.
RoslynAnalysisRunner will not be running.
RoslynAnalysisRunner has terminated.
Mono: successfully reloaded assembly
- Completed reload, in  1.053 seconds
Platform modules already initialized, skipping
Refreshing native plugins compatible for Editor in 0.39 ms, found 1 plugins.
Preloading 0 native plugins for Editor in 0.00 ms.
Unloading 1783 Unused Serialized files (Serialized files now loaded: 0)
System memory in use before: 106.0 MB.
System memory in use after: 106.0 MB.

Unloading 12 unused Assets to reduce memory usage. Loaded Objects now: 2264.
Total: 2.408800 ms (FindLiveObjects: 0.182700 ms CreateObjectMapping: 0.073800 ms MarkObjects: 2.045500 ms  DeleteObjects: 0.105300 ms)

AssetImportWorkerClient::OnTransportError - code=2 error=End of file
